This is pdfTeX, Version 3.14159265-2.6-1.40.20 (MiKTeX 2.9.7200 64-bit) (preloaded format=pdflatex 2019.10.31)  19 APR 2020 23:39
entering extended mode
**./ProgettoMacchine2020.tex
(ProgettoMacchine2020.tex
LaTeX2e <2019-10-01>
(svmono.cls
Document Class: svmono 2005/09/23 v4.11 
Springer Verlag global LaTeX document class for monographs
Class Springer-SVMono Info: extra/valid Springer sub-package 
(Springer-SVMono)           not found in option list - using "global" style.
("D:\Programmi\MiKTeX 2.9\tex/latex/base\article.cls"
Document Class: article 2019/08/27 v1.4j Standard LaTeX document class
("D:\Programmi\MiKTeX 2.9\tex/latex/base\size10.clo"
File: size10.clo 2019/08/27 v1.4j Standard LaTeX file (size option)
)
\c@part=\count80
\c@section=\count81
\c@subsection=\count82
\c@subsubsection=\count83
\c@paragraph=\count84
\c@subparagraph=\count85
\c@figure=\count86
\c@table=\count87
\abovecaptionskip=\skip41
\belowcaptionskip=\skip42
\bibindent=\dimen102
)
\betweenumberspace=\dimen103
\headlineindent=\dimen104
\c@chapter=\count88
\chapstarthookwidth=\dimen105
\svitemindent=\dimen106
\verbatimindent=\dimen107
LaTeX Font Info:    Redeclaring math symbol \Gamma on input line 624.
LaTeX Font Info:    Redeclaring math symbol \Delta on input line 625.
LaTeX Font Info:    Redeclaring math symbol \Theta on input line 626.
LaTeX Font Info:    Redeclaring math symbol \Lambda on input line 627.
LaTeX Font Info:    Redeclaring math symbol \Xi on input line 628.
LaTeX Font Info:    Redeclaring math symbol \Pi on input line 629.
LaTeX Font Info:    Redeclaring math symbol \Sigma on input line 630.
LaTeX Font Info:    Redeclaring math symbol \Upsilon on input line 631.
LaTeX Font Info:    Redeclaring math symbol \Phi on input line 632.
LaTeX Font Info:    Redeclaring math symbol \Psi on input line 633.
LaTeX Font Info:    Redeclaring math symbol \Omega on input line 634.
\tocchpnum=\dimen108
\tocsecnum=\dimen109
\tocsectotal=\dimen110
\tocsubsecnum=\dimen111
\tocsubsectotal=\dimen112
\tocsubsubsecnum=\dimen113
\tocsubsubsectotal=\dimen114
\tocparanum=\dimen115
\tocparatotal=\dimen116
\tocsubparanum=\dimen117
\foot@parindent=\dimen118
\spthmsep=\dimen119
\c@theorem=\count89
\c@prob=\count90
\instindent=\dimen120
\figgap=\dimen121
\figcapgap=\dimen122
\tabcapgap=\dimen123
\c@merk=\count91
)
("D:\Programmi\MiKTeX 2.9\tex/latex/base\makeidx.sty"
Package: makeidx 2014/09/29 v1.0m Standard LaTeX package
)
("D:\Programmi\MiKTeX 2.9\tex/latex/graphics\graphicx.sty"
Package: graphicx 2017/06/01 v1.1a Enhanced LaTeX Graphics (DPC,SPQR)

("D:\Programmi\MiKTeX 2.9\tex/latex/graphics\keyval.sty"
Package: keyval 2014/10/28 v1.15 key=value parser (DPC)
\KV@toks@=\toks14
)
("D:\Programmi\MiKTeX 2.9\tex/latex/graphics\graphics.sty"
Package: graphics 2019/07/20 v1.3b Standard LaTeX Graphics (DPC,SPQR)

("D:\Programmi\MiKTeX 2.9\tex/latex/graphics\trig.sty"
Package: trig 2016/01/03 v1.10 sin cos tan (DPC)
)
("D:\Programmi\MiKTeX 2.9\tex/latex/graphics-cfg\graphics.cfg"
File: graphics.cfg 2016/06/04 v1.11 sample graphics configuration
)
Package graphics Info: Driver file: pdftex.def on input line 105.

("D:\Programmi\MiKTeX 2.9\tex/latex/graphics-def\pdftex.def"
File: pdftex.def 2018/01/08 v1.0l Graphics/color driver for pdftex
))
\Gin@req@height=\dimen124
\Gin@req@width=\dimen125
)
("D:\Programmi\MiKTeX 2.9\tex/latex/amsfonts\amsfonts.sty"
Package: amsfonts 2013/01/14 v3.01 Basic AMSFonts support
\@emptytoks=\toks15
\symAMSa=\mathgroup4
\symAMSb=\mathgroup5
LaTeX Font Info:    Redeclaring math symbol \hbar on input line 98.
LaTeX Font Info:    Overwriting math alphabet `\mathfrak' in version `bold'
(Font)                  U/euf/m/n --> U/euf/b/n on input line 106.
)
("D:\Programmi\MiKTeX 2.9\tex/latex/amsmath\amsmath.sty"
Package: amsmath 2019/04/01 v2.17c AMS math features
\@mathmargin=\skip43

For additional information on amsmath, use the `?' option.
("D:\Programmi\MiKTeX 2.9\tex/latex/amsmath\amstext.sty"
Package: amstext 2000/06/29 v2.01 AMS text

("D:\Programmi\MiKTeX 2.9\tex/latex/amsmath\amsgen.sty"
File: amsgen.sty 1999/11/30 v2.0 generic functions
\@emptytoks=\toks16
\ex@=\dimen126
))
("D:\Programmi\MiKTeX 2.9\tex/latex/amsmath\amsbsy.sty"
Package: amsbsy 1999/11/29 v1.2d Bold Symbols
\pmbraise@=\dimen127
)
("D:\Programmi\MiKTeX 2.9\tex/latex/amsmath\amsopn.sty"
Package: amsopn 2016/03/08 v2.02 operator names
)
\inf@bad=\count92
LaTeX Info: Redefining \frac on input line 227.
\uproot@=\count93
\leftroot@=\count94
LaTeX Info: Redefining \overline on input line 389.
\classnum@=\count95
\DOTSCASE@=\count96
LaTeX Info: Redefining \ldots on input line 486.
LaTeX Info: Redefining \dots on input line 489.
LaTeX Info: Redefining \cdots on input line 610.
\Mathstrutbox@=\box27
\strutbox@=\box28
\big@size=\dimen128
LaTeX Font Info:    Redeclaring font encoding OML on input line 733.
LaTeX Font Info:    Redeclaring font encoding OMS on input line 734.
\macc@depth=\count97
\c@MaxMatrixCols=\count98
\dotsspace@=\muskip10
\c@parentequation=\count99
\dspbrk@lvl=\count100
\tag@help=\toks17
\row@=\count101
\column@=\count102
\maxfields@=\count103
\andhelp@=\toks18
\eqnshift@=\dimen129
\alignsep@=\dimen130
\tagshift@=\dimen131
\tagwidth@=\dimen132
\totwidth@=\dimen133
\lineht@=\dimen134
\@envbody=\toks19
\multlinegap=\skip44
\multlinetaggap=\skip45
\mathdisplay@stack=\toks20
LaTeX Info: Redefining \[ on input line 2855.
LaTeX Info: Redefining \] on input line 2856.
)
("D:\Programmi\MiKTeX 2.9\tex/latex/amsfonts\amssymb.sty"
Package: amssymb 2013/01/14 v3.01 AMS font symbols
)
("D:\Programmi\MiKTeX 2.9\tex/latex/tools\multicol.sty"
Package: multicol 2019/03/01 v1.8w multicolumn formatting (FMi)
\c@tracingmulticols=\count104
\mult@box=\box29
\multicol@leftmargin=\dimen135
\c@unbalance=\count105
\c@collectmore=\count106
\doublecol@number=\count107
\multicoltolerance=\count108
\multicolpretolerance=\count109
\full@width=\dimen136
\page@free=\dimen137
\premulticols=\dimen138
\postmulticols=\dimen139
\multicolsep=\skip46
\multicolbaselineskip=\skip47
\partial@page=\box30
\last@line=\box31
\maxbalancingoverflow=\dimen140
\mult@rightbox=\box32
\mult@grightbox=\box33
\mult@gfirstbox=\box34
\mult@firstbox=\box35
\@tempa=\box36
\@tempa=\box37
\@tempa=\box38
\@tempa=\box39
\@tempa=\box40
\@tempa=\box41
\@tempa=\box42
\@tempa=\box43
\@tempa=\box44
\@tempa=\box45
\@tempa=\box46
\@tempa=\box47
\@tempa=\box48
\@tempa=\box49
\@tempa=\box50
\@tempa=\box51
\@tempa=\box52
\c@minrows=\count110
\c@columnbadness=\count111
\c@finalcolumnbadness=\count112
\last@try=\dimen141
\multicolovershoot=\dimen142
\multicolundershoot=\dimen143
\mult@nat@firstbox=\box53
\colbreak@box=\box54
\mc@col@check@num=\count113
)
("D:\Programmi\MiKTeX 2.9\tex/latex/caption\subcaption.sty"
Package: subcaption 2019/09/01 v1.3a Sub-captions (AR)

("D:\Programmi\MiKTeX 2.9\tex/latex/caption\caption.sty"
Package: caption 2019/09/01 v3.3d Customizing captions (AR)

("D:\Programmi\MiKTeX 2.9\tex/latex/caption\caption3.sty"
Package: caption3 2019/09/01 v1.8d caption3 kernel (AR)
Package caption3 Info: TeX engine: e-TeX on input line 64.
\captionmargin=\dimen144
\captionmargin@=\dimen145
\captionwidth=\dimen146
\caption@tempdima=\dimen147
\caption@indent=\dimen148
\caption@parindent=\dimen149
\caption@hangindent=\dimen150
Package caption Info: Unknown document class (or package),
(caption)             standard defaults will be used.
)

Package caption Warning: Unsupported document class (or package) detected,
(caption)                usage of the caption package is not recommended.
See the caption package documentation for explanation.

Package caption Info: \@makecaption = \long macro:#1#2->\captionstyle \ifx \@ca
ptype \fig@type \vskip \figcapgap \fi \setbox \@tempboxa \hbox {{\floatlegendst
yle #1\floatcounterend }\capstrut #2}\ifdim \wd \@tempboxa >\hsize {\floatlegen
dstyle #1\floatcounterend }\capstrut #2\par \else \hbox to\hsize {\leftlegendgl
ue \unhbox \@tempboxa \hfil }\fi \ifx \@captype \fig@type \else \vskip \tabcapg
ap \fi .
\c@caption@flags=\count114
\c@ContinuedFloat=\count115
)
\c@subfigure=\count116
\c@subtable=\count117
) ("D:\Programmi\MiKTeX 2.9\tex/latex/cancel\cancel.sty"
Package: cancel 2013/04/12 v2.2 Cancel math terms
)
("D:\Programmi\MiKTeX 2.9\tex/latex/quoting\quoting.sty"
Package: quoting 2014/01/28 v0.1c Consolidated environment for displayed text

("D:\Programmi\MiKTeX 2.9\tex/latex/etoolbox\etoolbox.sty"
Package: etoolbox 2019/09/21 v2.5h e-TeX tools for LaTeX (JAW)
\etb@tempcnta=\count118
)
("D:\Programmi\MiKTeX 2.9\tex/latex/oberdiek\kvoptions.sty"
Package: kvoptions 2016/05/16 v3.12 Key value format for package options (HO)

("D:\Programmi\MiKTeX 2.9\tex/generic/oberdiek\ltxcmds.sty"
Package: ltxcmds 2016/05/16 v1.23 LaTeX kernel commands for general use (HO)
)
("D:\Programmi\MiKTeX 2.9\tex/generic/oberdiek\kvsetkeys.sty"
Package: kvsetkeys 2016/05/16 v1.17 Key value parser (HO)

("D:\Programmi\MiKTeX 2.9\tex/generic/oberdiek\infwarerr.sty"
Package: infwarerr 2016/05/16 v1.4 Providing info/warning/error messages (HO)
)
("D:\Programmi\MiKTeX 2.9\tex/generic/oberdiek\etexcmds.sty"
Package: etexcmds 2016/05/16 v1.6 Avoid name clashes with e-TeX commands (HO)

("D:\Programmi\MiKTeX 2.9\tex/generic/oberdiek\ifluatex.sty"
Package: ifluatex 2016/05/16 v1.4 Provides the ifluatex switch (HO)
Package ifluatex Info: LuaTeX not detected.
))))
\quo@toppartop=\skip48
)
("D:\Programmi\MiKTeX 2.9\tex/latex/footmisc\footmisc.sty"
Package: footmisc 2011/06/06 v5.5b a miscellany of footnote facilities
\FN@temptoken=\toks21
\footnotemargin=\dimen151
\c@pp@next@reset=\count119
Package footmisc Info: Declaring symbol style bringhurst on input line 855.
Package footmisc Info: Declaring symbol style chicago on input line 863.
Package footmisc Info: Declaring symbol style wiley on input line 872.
Package footmisc Info: Declaring symbol style lamport-robust on input line 883.

Package footmisc Info: Declaring symbol style lamport* on input line 903.
Package footmisc Info: Declaring symbol style lamport*-robust on input line 924
.
)
("D:\Programmi\MiKTeX 2.9\tex/generic/babel\babel.sty"
Package: babel 2019/09/27 3.34 The Babel package

("D:\Programmi\MiKTeX 2.9\tex/generic/babel\switch.def"
File: switch.def 2019/09/27 3.34 Babel switching mechanism
)
*************************************
* Local config file bblopts.cfg used
*
("D:\Programmi\MiKTeX 2.9\tex/latex/arabi\bblopts.cfg"
File: bblopts.cfg 2005/09/08 v0.1 add Arabic and Farsi to "declared" options of
 babel
)
("D:\Programmi\MiKTeX 2.9\tex/latex/babel-italian\italian.ldf"
Language: italian 2019/01/05 v.1.4.01 Italian support for the babel system

("D:\Programmi\MiKTeX 2.9\tex/generic/babel\babel.def"
File: babel.def 2019/09/27 3.34 Babel common definitions
\babel@savecnt=\count120
\U@D=\dimen152

("D:\Programmi\MiKTeX 2.9\tex/generic/babel\txtbabel.def")
\bbl@dirlevel=\count121
)
\it@lettering=\count122
\it@doublequoteactive=\count123
\it@ISOcompliance=\count124
))
("D:\Programmi\MiKTeX 2.9\tex/latex/mathtools\mathtools.sty"
Package: mathtools 2020/03/24 v1.24 mathematical typesetting tools

("D:\Programmi\MiKTeX 2.9\tex/latex/tools\calc.sty"
Package: calc 2017/05/25 v4.3 Infix arithmetic (KKT,FJ)
\calc@Acount=\count125
\calc@Bcount=\count126
\calc@Adimen=\dimen153
\calc@Bdimen=\dimen154
\calc@Askip=\skip49
\calc@Bskip=\skip50
LaTeX Info: Redefining \setlength on input line 80.
LaTeX Info: Redefining \addtolength on input line 81.
\calc@Ccount=\count127
\calc@Cskip=\skip51
)
("D:\Programmi\MiKTeX 2.9\tex/latex/mathtools\mhsetup.sty"
Package: mhsetup 2017/03/31 v1.3 programming setup (MH)
)
LaTeX Info: Thecontrolsequence`\('isalreadyrobust on input line 130.
LaTeX Info: Thecontrolsequence`\)'isalreadyrobust on input line 130.
LaTeX Info: Thecontrolsequence`\['isalreadyrobust on input line 130.
LaTeX Info: Thecontrolsequence`\]'isalreadyrobust on input line 130.
\g_MT_multlinerow_int=\count128
\l_MT_multwidth_dim=\dimen155
\origjot=\skip52
\l_MT_shortvdotswithinadjustabove_dim=\dimen156
\l_MT_shortvdotswithinadjustbelow_dim=\dimen157
\l_MT_above_intertext_sep=\dimen158
\l_MT_below_intertext_sep=\dimen159
\l_MT_above_shortintertext_sep=\dimen160
\l_MT_below_shortintertext_sep=\dimen161
\xmathstrut@box=\box55
\xmathstrut@dim=\dimen162
)
\@indexfile=\write3
\openout3 = `ProgettoMacchine2020.idx'.


Writing index file ProgettoMacchine2020.idx
(ProgettoMacchine2020.aux (Contenuto/dedic_it.aux) (Contenuto/pref_it.aux)
(Contenuto/ComprAss.aux) (Contenuto/TurbAss.aux))
\openout1 = `ProgettoMacchine2020.aux'.

LaTeX Font Info:    Checking defaults for OML/cmm/m/it on input line 41.
LaTeX Font Info:    ... okay on input line 41.
LaTeX Font Info:    Checking defaults for T1/cmr/m/n on input line 41.
LaTeX Font Info:    ... okay on input line 41.
LaTeX Font Info:    Checking defaults for OT1/cmr/m/n on input line 41.
LaTeX Font Info:    ... okay on input line 41.
LaTeX Font Info:    Checking defaults for OMS/cmsy/m/n on input line 41.
LaTeX Font Info:    ... okay on input line 41.
LaTeX Font Info:    Checking defaults for OMX/cmex/m/n on input line 41.
LaTeX Font Info:    ... okay on input line 41.
LaTeX Font Info:    Checking defaults for U/cmr/m/n on input line 41.
LaTeX Font Info:    ... okay on input line 41.

("D:\Programmi\MiKTeX 2.9\tex/context/base/mkii\supp-pdf.mkii"
[Loading MPS to PDF converter (version 2006.09.02).]
\scratchcounter=\count129
\scratchdimen=\dimen163
\scratchbox=\box56
\nofMPsegments=\count130
\nofMParguments=\count131
\everyMPshowfont=\toks22
\MPscratchCnt=\count132
\MPscratchDim=\dimen164
\MPnumerator=\count133
\makeMPintoPDFobject=\count134
\everyMPtoPDFconversion=\toks23
) ("D:\Programmi\MiKTeX 2.9\tex/latex/oberdiek\epstopdf-base.sty"
Package: epstopdf-base 2016/05/15 v2.6 Base part for package epstopdf

("D:\Programmi\MiKTeX 2.9\tex/latex/oberdiek\grfext.sty"
Package: grfext 2016/05/16 v1.2 Manage graphics extensions (HO)

("D:\Programmi\MiKTeX 2.9\tex/generic/oberdiek\kvdefinekeys.sty"
Package: kvdefinekeys 2016/05/16 v1.4 Define keys (HO)
))
("D:\Programmi\MiKTeX 2.9\tex/generic/oberdiek\pdftexcmds.sty"
Package: pdftexcmds 2019/07/25 v0.30 Utility functions of pdfTeX for LuaTeX (HO
)

("D:\Programmi\MiKTeX 2.9\tex/generic/oberdiek\ifpdf.sty"
Package: ifpdf 2018/09/07 v3.3 Provides the ifpdf switch
)
Package pdftexcmds Info: LuaTeX not detected.
Package pdftexcmds Info: \pdf@primitive is available.
Package pdftexcmds Info: \pdf@ifprimitive is available.
Package pdftexcmds Info: \pdfdraftmode found.
)
Package epstopdf-base Info: Redefining graphics rule for `.eps' on input line 4
38.
Package grfext Info: Graphics extension search list:
(grfext)             [.pdf,.png,.jpg,.mps,.jpeg,.jbig2,.jb2,.PDF,.PNG,.JPG,.JPE
G,.JBIG2,.JB2,.eps]
(grfext)             \AppendGraphicsExtensions on input line 456.
)
Package caption Info: Begin \AtBeginDocument code.
Package caption Info: Incompatible package detected (regarding \@caption).
(caption)             \@caption = \long macro:#1[#2]#3->\par \addcontentsline {
\csname ext@#1\endcsname }{#1}{\protect \numberline {\csname the#1\endcsname }{
\ignorespaces #2}}\begingroup \@parboxrestore \if@minipage \@setminipage \fi \@
makecaption {\csname fnum@#1\endcsname }{\ignorespaces #3}\par \endgroup .


Package caption Warning: \caption will not be redefined since it's already
(caption)                redefined by a document class or package which is
(caption)                unknown to the caption package.
See the caption package documentation for explanation.


! Package caption Error: The `subcaption' package does not work correctly
(caption)                in compatibility mode.

See the caption package documentation for explanation.
Type  H <return>  for immediate help.
 ...                                              
                                                  
l.41 \begin{document}
                     
If you do not understand this error, please take a closer look
at the documentation of the `caption' package, especially the
section about errors.
Try typing  <return>  to proceed.
If that doesn't work, type  X <return>  to quit.

Package caption Info: End \AtBeginDocument code.
LaTeX Info: Redefining \it@ocap on input line 41.
LaTeX Info: Redefining \it@ccap on input line 41.

File italian.ldf warning: 
italian.ldf    With OT1 encoding guillemets are poorly faked
italian.ldf    Use T1 encoding
italian.ldf    or specify a font with command \CaporaliFrom
italian.ldf    See the documentation concerning the babel-italian typesetting 
italian.ldf    on input line 41.


Underfull \hbox (badness 6094) in paragraph at lines 49--49
 
 []

[1

{C:/Users/Davide/AppData/Local/MiKTeX/2.9/pdftex/config/pdftex.map}] [2


]
\openout2 = `Contenuto/dedic_it.aux'.


(Contenuto/dedic_it.tex) [5

]
\openout2 = `Contenuto/pref_it.aux'.

 (Contenuto/pref_it.tex [6




]
LaTeX Font Info:    Trying to load font information for U+msa on input line 10.


("D:\Programmi\MiKTeX 2.9\tex/latex/amsfonts\umsa.fd"
File: umsa.fd 2013/01/14 v3.01 AMS symbols A
)
LaTeX Font Info:    Trying to load font information for U+msb on input line 10.


("D:\Programmi\MiKTeX 2.9\tex/latex/amsfonts\umsb.fd"
File: umsb.fd 2013/01/14 v3.01 AMS symbols B
)) [7] [8



]
(ProgettoMacchine2020.toc)
\tf@toc=\write4
\openout4 = `ProgettoMacchine2020.toc'.

 [9] [10


]
\openout2 = `Contenuto/ComprAss.aux'.

 (Contenuto/ComprAss.tex
Capitolo 1.
<fig/PrestComp.pdf, id=33, 856.3951pt x 511.7788pt>
File: fig/PrestComp.pdf Graphic file (type pdf)
<use fig/PrestComp.pdf>
Package pdftex.def Info: fig/PrestComp.pdf  used on input line 9.
(pdftex.def)             Requested size: 336.0pt x 200.79552pt.
LaTeX Font Info:    Trying to load font information for OMS+cmr on input line 2
5.
("D:\Programmi\MiKTeX 2.9\tex/latex/base\omscmr.fd"
File: omscmr.fd 2014/09/29 v2.5h Standard LaTeX font definitions
)
LaTeX Font Info:    Font shape `OMS/cmr/m/n' in size <10> not available
(Font)              Font shape `OMS/cmsy/m/n' tried instead on input line 25.
 [1



] [2 <./fig/PrestComp.pdf>]
<fig/CondProg.pdf, id=61, 562.82108pt x 477.22789pt>
File: fig/CondProg.pdf Graphic file (type pdf)
<use fig/CondProg.pdf>
Package pdftex.def Info: fig/CondProg.pdf  used on input line 78.
(pdftex.def)             Requested size: 134.39795pt x 113.95448pt.
<fig/LambdaPhiChart.pdf, id=62, 569.72786pt x 526.02724pt>
File: fig/LambdaPhiChart.pdf Graphic file (type pdf)
<use fig/LambdaPhiChart.pdf>
Package pdftex.def Info: fig/LambdaPhiChart.pdf  used on input line 95.
(pdftex.def)             Requested size: 151.19897pt x 139.59721pt.
<fig/CarattReal.pdf, id=63, 403.71432pt x 527.39514pt>
File: fig/CarattReal.pdf Graphic file (type pdf)
<use fig/CarattReal.pdf>
Package pdftex.def Info: fig/CarattReal.pdf  used on input line 101.
(pdftex.def)             Requested size: 151.19897pt x 197.52322pt.
 [3 <./fig/CondProg.pdf>] [4 <./fig/LambdaPhiChart.pdf> <./fig/CarattReal.pdf

pdfTeX warning: pdflatex (file ./fig/CarattReal.pdf): PDF inclusion: multiple p
dfs with page group included in a single page
>]
<fig/StadioRipetuto.pdf, id=119, 1381.41093pt x 520.94624pt>
File: fig/StadioRipetuto.pdf Graphic file (type pdf)
<use fig/StadioRipetuto.pdf>
Package pdftex.def Info: fig/StadioRipetuto.pdf  used on input line 150.
(pdftex.def)             Requested size: 336.0pt x 126.70688pt.
 [5 <./fig/StadioRipetuto.pdf>]
<fig/CondFuoriProg.pdf, id=139, 832.75912pt x 521.38399pt>
File: fig/CondFuoriProg.pdf Graphic file (type pdf)
<use fig/CondFuoriProg.pdf>
Package pdftex.def Info: fig/CondFuoriProg.pdf  used on input line 167.
(pdftex.def)             Requested size: 336.0pt x 210.36378pt.
<fig/ComprAssTab.pdf, id=140, 1076.7869pt x 1328.79543pt>
File: fig/ComprAssTab.pdf Graphic file (type pdf)
<use fig/ComprAssTab.pdf>
Package pdftex.def Info: fig/ComprAssTab.pdf  used on input line 174.
(pdftex.def)             Requested size: 403.19897pt x 497.54686pt.

Overfull \hbox (67.19897pt too wide) in paragraph at lines 174--175
 [][] 
 []

[6 <./fig/CondFuoriProg.pdf>] [7 <./fig/ComprAssTab.pdf>] [8]
<fig/IsoRendCompAss.pdf, id=168, 593.96906pt x 575.90157pt>
File: fig/IsoRendCompAss.pdf Graphic file (type pdf)
<use fig/IsoRendCompAss.pdf>
Package pdftex.def Info: fig/IsoRendCompAss.pdf  used on input line 268.
(pdftex.def)             Requested size: 336.0pt x 325.78922pt.
 [9] [10 <./fig/IsoRendCompAss.pdf>]
<fig/ComprStageLoss.pdf, id=220, 848.4197pt x 585.68813pt>
File: fig/ComprStageLoss.pdf Graphic file (type pdf)
<use fig/ComprStageLoss.pdf>
Package pdftex.def Info: fig/ComprStageLoss.pdf  used on input line 307.
(pdftex.def)             Requested size: 336.0pt x 231.94751pt.
<fig/Howell.pdf, id=221, 907.89188pt x 514.92375pt>
File: fig/Howell.pdf Graphic file (type pdf)
<use fig/Howell.pdf>
Package pdftex.def Info: fig/Howell.pdf  used on input line 318.
(pdftex.def)             Requested size: 336.0pt x 190.56593pt.
<fig/SchieraDim.pdf, id=222, 995.21812pt x 462.97969pt>
File: fig/SchieraDim.pdf Graphic file (type pdf)
<use fig/SchieraDim.pdf>
Package pdftex.def Info: fig/SchieraDim.pdf  used on input line 325.
(pdftex.def)             Requested size: 336.0pt x 156.30894pt.
<fig/1CorrHowell.pdf, id=223, 434.16702pt x 515.81238pt>
File: fig/1CorrHowell.pdf Graphic file (type pdf)
<use fig/1CorrHowell.pdf>
Package pdftex.def Info: fig/1CorrHowell.pdf  used on input line 335.
(pdftex.def)             Requested size: 134.39795pt x 159.67194pt.
 [11] [12 <./fig/ComprStageLoss.pdf> <./fig/Howell.pdf

pdfTeX warning: pdflatex (file ./fig/Howell.pdf): PDF inclusion: multiple pdfs 
with page group included in a single page
>] [13 <./fig/SchieraDim.pdf> <./fig/1CorrHowell.pdf

pdfTeX warning: pdflatex (file ./fig/1CorrHowell.pdf): PDF inclusion: multiple 
pdfs with page group included in a single page
>]
<fig/FuoriProg1.pdf, id=278, 578.16pt x 651.93562pt>
File: fig/FuoriProg1.pdf Graphic file (type pdf)
<use fig/FuoriProg1.pdf>
Package pdftex.def Info: fig/FuoriProg1.pdf  used on input line 382.
(pdftex.def)             Requested size: 336.0pt x 378.869pt.
<fig/FuoriProg2.pdf, id=279, 605.178pt x 558.17365pt>
File: fig/FuoriProg2.pdf Graphic file (type pdf)
<use fig/FuoriProg2.pdf>
Package pdftex.def Info: fig/FuoriProg2.pdf  used on input line 391.
(pdftex.def)             Requested size: 191.52133pt x 176.64325pt.
<fig/FuoriProgMach.pdf, id=280, 384.20102pt x 600.93694pt>
File: fig/FuoriProgMach.pdf Graphic file (type pdf)
<use fig/FuoriProgMach.pdf>
Package pdftex.def Info: fig/FuoriProgMach.pdf  used on input line 397.
(pdftex.def)             Requested size: 127.67763pt x 199.70357pt.
<fig/FuoriProg3.pdf, id=281, 523.9575pt x 557.08125pt>
File: fig/FuoriProg3.pdf Graphic file (type pdf)
<use fig/FuoriProg3.pdf>
Package pdftex.def Info: fig/FuoriProg3.pdf  used on input line 405.
(pdftex.def)             Requested size: 134.39795pt x 142.89113pt.
<fig/FuoriProg4.pdf, id=282, 385.79883pt x 550.32051pt>
File: fig/FuoriProg4.pdf Graphic file (type pdf)
<use fig/FuoriProg4.pdf>
Package pdftex.def Info: fig/FuoriProg4.pdf  used on input line 412.
(pdftex.def)             Requested size: 134.39795pt x 191.70816pt.
 [14] [15 <./fig/FuoriProg1.pdf>] [16 <./fig/FuoriProg2.pdf> <./fig/FuoriProgMa
ch.pdf

pdfTeX warning: pdflatex (file ./fig/FuoriProgMach.pdf): PDF inclusion: multipl
e pdfs with page group included in a single page
> <./fig/FuoriProg3.pdf

pdfTeX warning: pdflatex (file ./fig/FuoriProg3.pdf): PDF inclusion: multiple p
dfs with page group included in a single page
>]
<fig/CritCarico1.pdf, id=332, 542.025pt x 296.6081pt>
File: fig/CritCarico1.pdf Graphic file (type pdf)
<use fig/CritCarico1.pdf>
Package pdftex.def Info: fig/CritCarico1.pdf  used on input line 422.
(pdftex.def)             Requested size: 336.0pt x 183.87248pt.
<fig/CritCarico2.pdf, id=333, 710.88646pt x 568.2373pt>
File: fig/CritCarico2.pdf Graphic file (type pdf)
<use fig/CritCarico2.pdf>
Package pdftex.def Info: fig/CritCarico2.pdf  used on input line 435.
(pdftex.def)             Requested size: 134.39795pt x 107.42862pt.
<fig/CritCarico3.pdf, id=334, 1242.89343pt x 502.12593pt>
File: fig/CritCarico3.pdf Graphic file (type pdf)
<use fig/CritCarico3.pdf>
Package pdftex.def Info: fig/CritCarico3.pdf  used on input line 446.
(pdftex.def)             Requested size: 336.0pt x 135.74437pt.
 [17 <./fig/FuoriProg4.pdf>]
<fig/CritCarico4.pdf, id=347, 715.92468pt x 514.17094pt>
File: fig/CritCarico4.pdf Graphic file (type pdf)
<use fig/CritCarico4.pdf>
Package pdftex.def Info: fig/CritCarico4.pdf  used on input line 457.
(pdftex.def)             Requested size: 134.39795pt x 96.51665pt.
 [18 <./fig/CritCarico1.pdf> <./fig/CritCarico2.pdf

pdfTeX warning: pdflatex (file ./fig/CritCarico2.pdf): PDF inclusion: multiple 
pdfs with page group included in a single page
>] [19 <./fig/CritCarico3.pdf> <./fig/CritCarico4.pdf

pdfTeX warning: pdflatex (file ./fig/CritCarico4.pdf): PDF inclusion: multiple 
pdfs with page group included in a single page
>]
<fig/Schlieren1.pdf, id=419, 927.16016pt x 709.35039pt>
File: fig/Schlieren1.pdf Graphic file (type pdf)
<use fig/Schlieren1.pdf>
Package pdftex.def Info: fig/Schlieren1.pdf  used on input line 510.
(pdftex.def)             Requested size: 268.80103pt x 205.65222pt.


LaTeX Warning: `!h' float specifier changed to `!ht'.

<fig/Schlieren2.png, id=420, 133.2177pt x 38.544pt>
File: fig/Schlieren2.png Graphic file (type png)
<use fig/Schlieren2.png>
Package pdftex.def Info: fig/Schlieren2.png  used on input line 516.
(pdftex.def)             Requested size: 268.80103pt x 77.78943pt.

LaTeX Warning: `!h' float specifier changed to `!ht'.

) [20] [21 <./fig/Schlieren1.pdf> <./fig/Schlieren2.png (PNG copy)>]
\openout2 = `Contenuto/TurbAss.aux'.


(Contenuto/TurbAss.tex [22




]
Capitolo 2.
<fig/TurboGas.png, id=441, 240.6591pt x 159.9576pt>
File: fig/TurboGas.png Graphic file (type png)
<use fig/TurboGas.png>
Package pdftex.def Info: fig/TurboGas.png  used on input line 5.
(pdftex.def)             Requested size: 302.39795pt x 200.99358pt.
[23 <./fig/TurboGas.png>]
<fig/SezioneTurbina.pdf, id=448, 574.39594pt x 530.73282pt>
File: fig/SezioneTurbina.pdf Graphic file (type pdf)
<use fig/SezioneTurbina.pdf>
Package pdftex.def Info: fig/SezioneTurbina.pdf  used on input line 37.
(pdftex.def)             Requested size: 159.59949pt x 147.46231pt.
<fig/hsturbine.pdf, id=449, 562.35094pt x 600.74437pt>
File: fig/hsturbine.pdf Graphic file (type pdf)
<use fig/hsturbine.pdf>
Package pdftex.def Info: fig/hsturbine.pdf  used on input line 43.
(pdftex.def)             Requested size: 159.59949pt x 170.48976pt.
 [24] [25 <./fig/SezioneTurbina.pdf> <./fig/hsturbine.pdf

pdfTeX warning: pdflatex (file ./fig/hsturbine.pdf): PDF inclusion: multiple pd
fs with page group included in a single page
>]
<fig/triangTurb.pdf, id=481, 944.6362pt x 408.70276pt>
File: fig/triangTurb.pdf Graphic file (type pdf)
<use fig/triangTurb.pdf>
Package pdftex.def Info: fig/triangTurb.pdf  used on input line 100.
(pdftex.def)             Requested size: 268.80103pt x 116.2944pt.
 [26 <./fig/triangTurb.pdf>] [27]
<fig/Rendimenti_ts_tt.pdf, id=490, 891.33pt x 526.21594pt>
File: fig/Rendimenti_ts_tt.pdf Graphic file (type pdf)
<use fig/Rendimenti_ts_tt.pdf>
Package pdftex.def Info: fig/Rendimenti_ts_tt.pdf  used on input line 164.
(pdftex.def)             Requested size: 268.80103pt x 158.69302pt.
 [28 <./fig/Rendimenti_ts_tt.pdf>]) [29]
[30



] (ProgettoMacchine2020.aux (Contenuto/dedic_it.aux) (Contenuto/pref_it.aux) (C
ontenuto/ComprAss.aux) (Contenuto/TurbAss.aux)) ) 
Here is how much of TeX's memory you used:
 6254 strings out of 492452
 92210 string characters out of 3131660
 187290 words of memory out of 3000000
 10455 multiletter control sequences out of 15000+200000
 10903 words of font info for 42 fonts, out of 3000000 for 9000
 1141 hyphenation exceptions out of 8191
 45i,15n,46p,892b,327s stack positions out of 5000i,500n,10000p,200000b,50000s
<D:/Programmi/MiKTeX 2.9/fonts
/type1/public/amsfonts/cm/cmbx10.pfb><D:/Programmi/MiKTeX 2.9/fonts/type1/publi
c/amsfonts/cm/cmbx12.pfb><D:/Programmi/MiKTeX 2.9/fonts/type1/public/amsfonts/c
m/cmex10.pfb><D:/Programmi/MiKTeX 2.9/fonts/type1/public/amsfonts/cm/cmmi10.pfb
><D:/Programmi/MiKTeX 2.9/fonts/type1/public/amsfonts/cm/cmmi5.pfb><D:/Programm
i/MiKTeX 2.9/fonts/type1/public/amsfonts/cm/cmmi7.pfb><D:/Programmi/MiKTeX 2.9/
fonts/type1/public/amsfonts/cm/cmr10.pfb><D:/Programmi/MiKTeX 2.9/fonts/type1/p
ublic/amsfonts/cm/cmr12.pfb><D:/Programmi/MiKTeX 2.9/fonts/type1/public/amsfont
s/cm/cmr17.pfb><D:/Programmi/MiKTeX 2.9/fonts/type1/public/amsfonts/cm/cmr5.pfb
><D:/Programmi/MiKTeX 2.9/fonts/type1/public/amsfonts/cm/cmr7.pfb><D:/Programmi
/MiKTeX 2.9/fonts/type1/public/amsfonts/cm/cmr9.pfb><D:/Programmi/MiKTeX 2.9/fo
nts/type1/public/amsfonts/cm/cmsy10.pfb><D:/Programmi/MiKTeX 2.9/fonts/type1/pu
blic/amsfonts/cm/cmsy7.pfb><D:/Programmi/MiKTeX 2.9/fonts/type1/public/amsfonts
/cm/cmti10.pfb><D:/Programmi/MiKTeX 2.9/fonts/type1/public/amsfonts/symbols/msa
m10.pfb>
Output written on ProgettoMacchine2020.pdf (38 pages, 2802761 bytes).
PDF statistics:
 568 PDF objects out of 1000 (max. 8388607)
 0 named destinations out of 1000 (max. 500000)
 141 words of extra memory for PDF output out of 10000 (max. 10000000)

