\BOOKMARK [0][-]{chapter.1}{Richiami teorici}{}% 1
\BOOKMARK [1][-]{section.1.1}{Teoria della similitudine}{chapter.1}% 2
\BOOKMARK [1][-]{section.1.2}{Influenza di Re}{chapter.1}% 3
\BOOKMARK [1][-]{section.1.3}{Effetto scala}{chapter.1}% 4
\BOOKMARK [1][-]{section.1.4}{Flusso comprimibile}{chapter.1}% 5
\BOOKMARK [1][-]{section.1.5}{Richiamo di termodinamica}{chapter.1}% 6
\BOOKMARK [1][-]{section.1.6}{Rendimenti per i compressori}{chapter.1}% 7
\BOOKMARK [0][-]{chapter.2}{Turbomacchine assiali - Generalit\340}{}% 8
\BOOKMARK [1][-]{section.2.1}{Nomenclatura}{chapter.2}% 9
\BOOKMARK [2][-]{subsection.2.1.1}{Definizioni geometriche}{section.2.1}% 10
\BOOKMARK [2][-]{subsection.2.1.2}{Definizioni per la corrente fluida}{section.2.1}% 11
\BOOKMARK [2][-]{subsection.2.1.3}{Forze}{section.2.1}% 12
\BOOKMARK [2][-]{subsection.2.1.4}{Adimensionalizzazione delle forze}{section.2.1}% 13
\BOOKMARK [1][-]{section.2.2}{Ipotesi di flusso a potenziale}{chapter.2}% 14
\BOOKMARK [1][-]{section.2.3}{Da profilo a schiera}{chapter.2}% 15
\BOOKMARK [2][-]{subsection.2.3.1}{Ugelli e diffusori}{section.2.3}% 16
\BOOKMARK [1][-]{section.2.4}{Schiere palari}{chapter.2}% 17
\BOOKMARK [1][-]{section.2.5}{Equilibrio radiale}{chapter.2}% 18
\BOOKMARK [2][-]{subsection.2.5.1}{Termodinamica}{section.2.5}% 19
\BOOKMARK [2][-]{subsection.2.5.2}{Ipotesi semplificative}{section.2.5}% 20
\BOOKMARK [1][-]{section.2.6}{Condizione di vortice libero}{chapter.2}% 21
\BOOKMARK [1][-]{section.2.7}{Vortice forzato}{chapter.2}% 22
\BOOKMARK [2][-]{subsection.2.7.1}{A valle del vortice forzato}{section.2.7}% 23
\BOOKMARK [1][-]{section.2.8}{Vortice generico}{chapter.2}% 24
\BOOKMARK [2][-]{subsection.2.8.1}{Angolo di palettatura costante}{section.2.8}% 25
\BOOKMARK [1][-]{section.2.9}{Portata in un condotto anulare}{chapter.2}% 26
\BOOKMARK [1][-]{section.2.10}{Condizioni di ingolfamento \(choking\)}{chapter.2}% 27
\BOOKMARK [1][-]{section.2.11}{Componente radiale non trascurabile}{chapter.2}% 28
\BOOKMARK [1][-]{section.2.12}{Moti secondari}{chapter.2}% 29
\BOOKMARK [0][-]{chapter.3}{Compressori assiali}{}% 30
\BOOKMARK [1][-]{section.3.1}{Introduzione}{chapter.3}% 31
\BOOKMARK [1][-]{section.3.2}{Lavoro e triangoli di velocit\340}{chapter.3}% 32
\BOOKMARK [1][-]{section.3.3}{Termodinamica}{chapter.3}% 33
\BOOKMARK [1][-]{section.3.4}{Progettazione della schiera}{chapter.3}% 34
\BOOKMARK [2][-]{subsection.3.4.1}{Correlazioni di Howell}{section.3.4}% 35
\BOOKMARK [2][-]{subsection.3.4.2}{Criterio di carico}{section.3.4}% 36
\BOOKMARK [1][-]{section.3.5}{Schiere supersoniche}{chapter.3}% 37
\BOOKMARK [0][-]{chapter.4}{Turbine a flusso assiale e misto}{}% 38
\BOOKMARK [1][-]{section.4.1}{Calcolo dei rendimenti}{chapter.4}% 39
\BOOKMARK [2][-]{subsection.4.1.1}{Rendimenti}{section.4.1}% 40
\BOOKMARK [1][-]{section.4.2}{Propriet\340 termodinamiche del flusso}{chapter.4}% 41
\BOOKMARK [1][-]{section.4.3}{Schiere palari}{chapter.4}% 42
\BOOKMARK [1][-]{section.4.4}{Prestazioni della schiera}{chapter.4}% 43
\BOOKMARK [2][-]{subsection.4.4.1}{Soderberg}{section.4.4}% 44
\BOOKMARK [2][-]{subsection.4.4.2}{Ainley-Mathieson}{section.4.4}% 45
\BOOKMARK [1][-]{section.4.5}{Criteri di carico}{chapter.4}% 46
\BOOKMARK [0][-]{chapter.5}{Macchine eoliche}{}% 47
\BOOKMARK [1][-]{section.5.1}{Introduzione}{chapter.5}% 48
\BOOKMARK [1][-]{section.5.2}{Il teorema di Betz}{chapter.5}% 49
\BOOKMARK [1][-]{section.5.3}{Definizione del problema}{chapter.5}% 50
\BOOKMARK [1][-]{section.5.4}{Teoria del tubo di flusso anulare con scia vorticosa}{chapter.5}% 51
\BOOKMARK [1][-]{section.5.5}{Forze aerodinamiche sull'elemento di pala}{chapter.5}% 52
\BOOKMARK [2][-]{subsection.5.5.1}{Variazione ottimale di }{section.5.5}% 53
\BOOKMARK [2][-]{subsection.5.5.2}{Variazione ottimale del prodotto l Cz}{section.5.5}% 54
\BOOKMARK [2][-]{subsection.5.5.3}{Pala ottimale con massima efficienza aerodinamica}{section.5.5}% 55
\BOOKMARK [2][-]{subsection.5.5.4}{Variazione della corda}{section.5.5}% 56
\BOOKMARK [2][-]{subsection.5.5.5}{Relazione tra solidit\340, velocit\340 specifica ed efficienza della turbina}{section.5.5}% 57
\BOOKMARK [2][-]{subsection.5.5.6}{Solidit\340 e velocit\340 specifica}{section.5.5}% 58
\BOOKMARK [2][-]{subsection.5.5.7}{Solidit\340 ed efficienza aerodinamica}{section.5.5}% 59
\BOOKMARK [2][-]{subsection.5.5.8}{Influenza del coefficiente di finezza del profilo}{section.5.5}% 60
